{"C:\\Users\\Kohse\\Desktop\\urlshortener\\models\\shortUrl.js": {"path":"C:\\Users\\Kohse\\Desktop\\urlshortener\\models\\shortUrl.js","statementMap":{"0":{"start":{"line":1,"column":17},"end":{"line":1,"column":36}},"1":{"start":{"line":2,"column":19},"end":{"line":2,"column":36}},"2":{"start":{"line":4,"column":23},"end":{"line":19,"column":2}},"3":{"start":{"line":12,"column":19},"end":{"line":12,"column":70}},"4":{"start":{"line":21,"column":0},"end":{"line":21,"column":59}}},"fnMap":{"0":{"name":"(anonymous_0)","decl":{"start":{"line":12,"column":13},"end":{"line":12,"column":14}},"loc":{"start":{"line":12,"column":19},"end":{"line":12,"column":70}},"line":12}},"branchMap":{},"s":{"0":1,"1":1,"2":1,"3":2,"4":1},"f":{"0":2},"b":{},"_coverageSchema":"1a1c01bbd47fc00a2c39e90264f33305004495a9","hash":"ff84b726ed534897590a9e9095f208e16df4d61f"}
}
